0 info it worked if it ends with ok
1 verbose cli [ 'node', '/usr/local/bin/npm', 'install', 'grunt-watch' ]
2 info using npm@1.3.5
3 info using node@v0.10.15
4 warn package.json moberemk@0.0.1 No repository field.
5 warn package.json moberemk@0.0.1 No README data
6 verbose readDependencies using package.json deps
7 verbose cache add [ 'grunt-watch', null ]
8 verbose cache add name=undefined spec="grunt-watch" args=["grunt-watch",null]
9 verbose parsed url { protocol: null,
9 verbose parsed url   slashes: null,
9 verbose parsed url   auth: null,
9 verbose parsed url   host: null,
9 verbose parsed url   port: null,
9 verbose parsed url   hostname: null,
9 verbose parsed url   hash: null,
9 verbose parsed url   search: null,
9 verbose parsed url   query: null,
9 verbose parsed url   pathname: 'grunt-watch',
9 verbose parsed url   path: 'grunt-watch',
9 verbose parsed url   href: 'grunt-watch' }
10 silly lockFile b55ee5b3-grunt-watch grunt-watch
11 verbose lock grunt-watch /Users/moberemk/.npm/b55ee5b3-grunt-watch.lock
12 silly lockFile b55ee5b3-grunt-watch grunt-watch
13 silly lockFile b55ee5b3-grunt-watch grunt-watch
14 verbose addNamed [ 'grunt-watch', '' ]
15 verbose addNamed [ null, '*' ]
16 silly lockFile 22e69730-grunt-watch grunt-watch@
17 verbose lock grunt-watch@ /Users/moberemk/.npm/22e69730-grunt-watch.lock
18 silly addNameRange { name: 'grunt-watch', range: '*', hasData: false }
19 verbose url raw grunt-watch
20 verbose url resolving [ 'https://registry.npmjs.org/', './grunt-watch' ]
21 verbose url resolved https://registry.npmjs.org/grunt-watch
22 info trying registry request attempt 1 at 12:51:56
23 http GET https://registry.npmjs.org/grunt-watch
24 http 404 https://registry.npmjs.org/grunt-watch
25 silly registry.get cb [ 404,
25 silly registry.get   { date: 'Sun, 30 Mar 2014 16:51:57 GMT',
25 silly registry.get     server: 'CouchDB/1.5.0 (Erlang OTP/R14B04)',
25 silly registry.get     'content-type': 'application/json',
25 silly registry.get     via: '1.1 varnish',
25 silly registry.get     'cache-control': 'max-age=0',
25 silly registry.get     'content-length': '52',
25 silly registry.get     'accept-ranges': 'bytes',
25 silly registry.get     age: '0',
25 silly registry.get     'x-served-by': 'cache-v44-ASH, cache-jfk1022-JFK',
25 silly registry.get     'x-cache': 'MISS, MISS',
25 silly registry.get     'x-cache-hits': '0, 0',
25 silly registry.get     'x-timer': 'S1396198316.929931641,VS0,VS1,VE107,VE114',
25 silly registry.get     'keep-alive': 'timeout=10, max=50',
25 silly registry.get     connection: 'Keep-Alive' } ]
26 silly lockFile 22e69730-grunt-watch grunt-watch@
27 silly lockFile 22e69730-grunt-watch grunt-watch@
28 error 404 'grunt-watch' is not in the npm registry.
28 error 404 You should bug the author to publish it
28 error 404
28 error 404 Note that you can also install from a
28 error 404 tarball, folder, or http url, or git url.
29 error System Darwin 13.1.0
30 error command "node" "/usr/local/bin/npm" "install" "grunt-watch"
31 error cwd /Users/moberemk/Sites/mysite
32 error node -v v0.10.15
33 error npm -v 1.3.5
34 error code E404
35 verbose exit [ 1, true ]
